#
# There is insufficient memory for the Java Runtime Environment to continue.
# Native memory allocation (malloc) failed to allocate 32744 bytes for ChunkPool::allocate
# Possible reasons:
#   The system is out of physical RAM or swap space
#   The process is running with CompressedOops enabled, and the Java Heap may be blocking the growth of the native heap
# Possible solutions:
#   Reduce memory load on the system
#   Increase physical memory or swap space
#   Check if swap backing store is full
#   Decrease Java heap size (-Xmx/-Xms)
#   Decrease number of Java threads
#   Decrease Java thread stack sizes (-Xss)
#   Set larger code cache with -XX:ReservedCodeCacheSize=
#   JVM is running with Unscaled Compressed Oops mode in which the Java heap is
#     placed in the first 4GB address space. The Java Heap base address is the
#     maximum limit for the native heap growth. Please use -XX:HeapBaseMinAddress
#     to set the Java Heap base and to place the Java Heap above 4GB virtual address.
# This output file may be truncated or incomplete.
#
#  Out of Memory Error (./open/src/hotspot/share/memory/arena.cpp:79), pid=5668, tid=23408
#
# JRE version: Java(TM) SE Runtime Environment (15.0.1+9) (build 15.0.1+9-18)
# Java VM: Java HotSpot(TM) 64-Bit Server VM (15.0.1+9-18, mixed mode, sharing, tiered, compressed oops, g1 gc, windows-amd64)
# No core dump will be written. Minidumps are not enabled by default on client versions of Windows
#

---------------  S U M M A R Y ------------

Command Line: -XX:+ShowCodeDetailsInExceptionMessages -agentlib:jdwp=transport=dt_socket,suspend=y,address=localhost:49704 -javaagent:C:\Users\DELL\eclipse\java-2020-09\eclipse\configuration\org.eclipse.osgi\215\0\.cp\lib\javaagent-shaded.jar -Dfile.encoding=UTF-8 QuanLyDichVu1080.QuanLyDichVu1080

Host: Intel(R) Core(TM) i5-9300H CPU @ 2.40GHz, 8 cores, 7G,  Windows 10 , 64 bit Build 18362 (10.0.18362.1316)
Time: Fri Jan 22 00:47:50 2021 SE Asia Standard Time elapsed time: 33.686937 seconds (0d 0h 0m 33s)

---------------  T H R E A D  ---------------

Current thread (0x00000210eda695f0):  JavaThread "C1 CompilerThread0" daemon [_thread_in_native, id=23408, stack(0x000000b35cb00000,0x000000b35cc00000)]


Current CompileTask:
C1:  33687 1654       3       javax.swing.UIDefaults$TextAndMnemonicHashMap::get (358 bytes)

Stack: [0x000000b35cb00000,0x000000b35cc00000]
Native frames: (J=compiled Java code, j=interpreted, Vv=VM code, C=native code)
V  [jvm.dll+0x62ae9a]
V  [jvm.dll+0x781389]
V  [jvm.dll+0x782ae3]
V  [jvm.dll+0x783143]
V  [jvm.dll+0x216265]
V  [jvm.dll+0x9828f]
V  [jvm.dll+0x985dc]
V  [jvm.dll+0x151793]
V  [jvm.dll+0x15185e]
V  [jvm.dll+0x15432f]
V  [jvm.dll+0x1561f1]
V  [jvm.dll+0x10ffc5]
V  [jvm.dll+0x10f87f]
V  [jvm.dll+0x10fab4]
V  [jvm.dll+0x10edf2]
V  [jvm.dll+0x110c8c]
V  [jvm.dll+0x1f9165]
V  [jvm.dll+0x1f720c]
V  [jvm.dll+0x74485d]
V  [jvm.dll+0x73d65a]
V  [jvm.dll+0x629c56]
C  [ucrtbase.dll+0x210b2]
C  [KERNEL32.DLL+0x17c24]
C  [ntdll.dll+0x6d4d1]


---------------  P R O C E S S  ---------------

Threads class SMR info:
_java_thread_list=0x00000210ee75f910, length=23, elements={
0x00000210eda3f890, 0x00000210eda40370, 0x00000210eda58780, 0x00000210eda59040,
0x00000210eda5a910, 0x00000210eda66fd0, 0x00000210eda695f0, 0x00000210eda6a210,
0x00000210ee47a050, 0x00000210ee4e6490, 0x00000210ee5e4640, 0x00000210ee5408d0,
0x00000210ee5ce880, 0x00000210ee6be9b0, 0x00000210eeb3eb10, 0x00000210ee4e8110,
0x00000210ee4e85e0, 0x00000210ef067a80, 0x00000210ef103760, 0x00000210ef1015b0,
0x00000210ef103c30, 0x00000210ef101a80, 0x00000210ef101f50
}

Java Threads: ( => current thread )
  0x00000210eda3f890 JavaThread "Reference Handler" daemon [_thread_blocked, id=24244, stack(0x000000b35c500000,0x000000b35c600000)]
  0x00000210eda40370 JavaThread "Finalizer" daemon [_thread_blocked, id=24060, stack(0x000000b35c600000,0x000000b35c700000)]
  0x00000210eda58780 JavaThread "Signal Dispatcher" daemon [_thread_blocked, id=25020, stack(0x000000b35c700000,0x000000b35c800000)]
  0x00000210eda59040 JavaThread "Attach Listener" daemon [_thread_blocked, id=20732, stack(0x000000b35c800000,0x000000b35c900000)]
  0x00000210eda5a910 JavaThread "Service Thread" daemon [_thread_blocked, id=24932, stack(0x000000b35c900000,0x000000b35ca00000)]
  0x00000210eda66fd0 JavaThread "C2 CompilerThread0" daemon [_thread_blocked, id=4140, stack(0x000000b35ca00000,0x000000b35cb00000)]
=>0x00000210eda695f0 JavaThread "C1 CompilerThread0" daemon [_thread_in_native, id=23408, stack(0x000000b35cb00000,0x000000b35cc00000)]
  0x00000210eda6a210 JavaThread "Sweeper thread" daemon [_thread_blocked, id=18536, stack(0x000000b35cc00000,0x000000b35cd00000)]
  0x00000210ee47a050 JavaThread "Common-Cleaner" daemon [_thread_blocked, id=24964, stack(0x000000b35cd00000,0x000000b35ce00000)]
  0x00000210ee4e6490 JavaThread "JDWP Transport Listener: dt_socket" daemon [_thread_blocked, id=5036, stack(0x000000b35ce00000,0x000000b35cf00000)]
  0x00000210ee5e4640 JavaThread "JDWP Event Helper Thread" daemon [_thread_blocked, id=22836, stack(0x000000b35cf00000,0x000000b35d000000)]
  0x00000210ee5408d0 JavaThread "JDWP Command Reader" daemon [_thread_in_native, id=23136, stack(0x000000b35d000000,0x000000b35d100000)]
  0x00000210ee5ce880 JavaThread "Notification Thread" daemon [_thread_blocked, id=24556, stack(0x000000b35d100000,0x000000b35d200000)]
  0x00000210ee6be9b0 JavaThread "Java2D Disposer" daemon [_thread_blocked, id=19508, stack(0x000000b35d300000,0x000000b35d400000)]
  0x00000210eeb3eb10 JavaThread "AWT-Windows" daemon [_thread_in_native, id=22348, stack(0x000000b35d500000,0x000000b35d600000)]
  0x00000210ee4e8110 JavaThread "pool-1-thread-1" [_thread_blocked, id=20904, stack(0x000000b35d400000,0x000000b35d500000)]
  0x00000210ee4e85e0 JavaThread "pool-1-thread-2" [_thread_blocked, id=9644, stack(0x000000b35d600000,0x000000b35d700000)]
  0x00000210ef067a80 JavaThread "pool-1-thread-3" [_thread_blocked, id=10376, stack(0x000000b35db00000,0x000000b35dc00000)]
  0x00000210ef103760 JavaThread "pool-1-thread-4" [_thread_blocked, id=19280, stack(0x000000b35dc00000,0x000000b35dd00000)]
  0x00000210ef1015b0 JavaThread "AWT-Shutdown" [_thread_blocked, id=16512, stack(0x000000b35dd00000,0x000000b35de00000)]
  0x00000210ef103c30 JavaThread "AWT-EventQueue-0" [_thread_blocked, id=17516, stack(0x000000b35de00000,0x000000b35df00000)]
  0x00000210ef101a80 JavaThread "DestroyJavaVM" [_thread_blocked, id=24652, stack(0x000000b35be00000,0x000000b35bf00000)]
  0x00000210ef101f50 JavaThread "TimerQueue" daemon [_thread_blocked, id=5544, stack(0x000000b35e200000,0x000000b35e300000)]

Other Threads:
  0x00000210eda3e100 VMThread "VM Thread" [stack: 0x000000b35c400000,0x000000b35c500000] [id=23996]
  0x00000210ee659870 WatcherThread [stack: 0x000000b35d200000,0x000000b35d300000] [id=17132]
  0x00000210cf0b3100 GCTaskThread "GC Thread#0" [stack: 0x000000b35bf00000,0x000000b35c000000] [id=20448]
  0x00000210ee5c3090 GCTaskThread "GC Thread#1" [stack: 0x000000b35d800000,0x000000b35d900000] [id=16840]
  0x00000210ee5c33c0 GCTaskThread "GC Thread#2" [stack: 0x000000b35d900000,0x000000b35da00000] [id=21244]
  0x00000210ee5c56d0 GCTaskThread "GC Thread#3" [stack: 0x000000b35da00000,0x000000b35db00000] [id=9692]
  0x00000210cf0c4330 ConcurrentGCThread "G1 Main Marker" [stack: 0x000000b35c000000,0x000000b35c100000] [id=15888]
  0x00000210cf0c4f20 ConcurrentGCThread "G1 Conc#0" [stack: 0x000000b35c100000,0x000000b35c200000] [id=7288]
  0x00000210cf131260 ConcurrentGCThread "G1 Refine#0" [stack: 0x000000b35c200000,0x000000b35c300000] [id=24880]
  0x00000210cf132ac0 ConcurrentGCThread "G1 Young RemSet Sampling" [stack: 0x000000b35c300000,0x000000b35c400000] [id=23620]

Threads with active compile tasks:
C1 CompilerThread0    33759 1654       3       javax.swing.UIDefaults$TextAndMnemonicHashMap::get (358 bytes)

VM state: not at safepoint (normal execution)

VM Mutex/Monitor currently owned by a thread: None

Heap address: 0x0000000083600000, size: 1994 MB, Compressed Oops mode: 32-bit
CDS archive(s) mapped at: [0x0000000800000000-0x0000000800b50000-0x0000000800b50000), size 11862016, SharedBaseAddress: 0x0000000800000000, ArchiveRelocationMode: 0.
Compressed class space mapped at: 0x0000000800b50000-0x0000000840b50000, size: 1073741824
Narrow klass base: 0x0000000800000000, Narrow klass shift: 3, Narrow klass range: 0x100000000

GC Precious Log:
 CPUs: 8 total, 8 available
 Memory: 7973M
 Large Page Support: Disabled
 NUMA Support: Disabled
 Compressed Oops: Enabled (32-bit)
 Heap Region Size: 1M
 Heap Min Capacity: 8M
 Heap Initial Capacity: 126M
 Heap Max Capacity: 1994M
 Pre-touch: Disabled
 Parallel Workers: 8
 Concurrent Workers: 2
 Concurrent Refinement Workers: 8
 Periodic GC: Disabled

Heap:
 garbage-first heap   total 129024K, used 14036K [0x0000000083600000, 0x0000000100000000)
  region size 1024K, 13 young (13312K), 3 survivors (3072K)
 Metaspace       used 14251K, capacity 14504K, committed 14848K, reserved 1062912K
  class space    used 1558K, capacity 1669K, committed 1792K, reserved 1048576K

Heap Regions: E=young(eden), S=young(survivor), O=old, HS=humongous(starts), HC=humongous(continues), CS=collection set, F=free, OA=open archive, CA=closed archive, TAMS=top-at-mark-start (previous, next)
|   0|0x0000000083600000, 0x0000000083700000, 0x0000000083700000|100%|HS|  |TAMS 0x0000000083600000, 0x0000000083600000| Complete 
|   1|0x0000000083700000, 0x0000000083800000, 0x0000000083800000|100%|HC|  |TAMS 0x0000000083700000, 0x0000000083700000| Complete 
|   2|0x0000000083800000, 0x0000000083800000, 0x0000000083900000|  0%| F|  |TAMS 0x0000000083800000, 0x0000000083800000| Untracked 
|   3|0x0000000083900000, 0x0000000083900000, 0x0000000083a00000|  0%| F|  |TAMS 0x0000000083900000, 0x0000000083900000| Untracked 
|   4|0x0000000083a00000, 0x0000000083a00000, 0x0000000083b00000|  0%| F|  |TAMS 0x0000000083a00000, 0x0000000083a00000| Untracked 
|   5|0x0000000083b00000, 0x0000000083b00000, 0x0000000083c00000|  0%| F|  |TAMS 0x0000000083b00000, 0x0000000083b00000| Untracked 
|   6|0x0000000083c00000, 0x0000000083c00000, 0x0000000083d00000|  0%| F|  |TAMS 0x0000000083c00000, 0x0000000083c00000| Untracked 
|   7|0x0000000083d00000, 0x0000000083d00000, 0x0000000083e00000|  0%| F|  |TAMS 0x0000000083d00000, 0x0000000083d00000| Untracked 
|   8|0x0000000083e00000, 0x0000000083e00000, 0x0000000083f00000|  0%| F|  |TAMS 0x0000000083e00000, 0x0000000083e00000| Untracked 
|   9|0x0000000083f00000, 0x0000000083f00000, 0x0000000084000000|  0%| F|  |TAMS 0x0000000083f00000, 0x0000000083f00000| Untracked 
|  10|0x0000000084000000, 0x0000000084000000, 0x0000000084100000|  0%| F|  |TAMS 0x0000000084000000, 0x0000000084000000| Untracked 
|  11|0x0000000084100000, 0x0000000084100000, 0x0000000084200000|  0%| F|  |TAMS 0x0000000084100000, 0x0000000084100000| Untracked 
|  12|0x0000000084200000, 0x0000000084200000, 0x0000000084300000|  0%| F|  |TAMS 0x0000000084200000, 0x0000000084200000| Untracked 
|  13|0x0000000084300000, 0x0000000084300000, 0x0000000084400000|  0%| F|  |TAMS 0x0000000084300000, 0x0000000084300000| Untracked 
|  14|0x0000000084400000, 0x0000000084400000, 0x0000000084500000|  0%| F|  |TAMS 0x0000000084400000, 0x0000000084400000| Untracked 
|  15|0x0000000084500000, 0x0000000084500000, 0x0000000084600000|  0%| F|  |TAMS 0x0000000084500000, 0x0000000084500000| Untracked 
|  16|0x0000000084600000, 0x0000000084600000, 0x0000000084700000|  0%| F|  |TAMS 0x0000000084600000, 0x0000000084600000| Untracked 
|  17|0x0000000084700000, 0x0000000084700000, 0x0000000084800000|  0%| F|  |TAMS 0x0000000084700000, 0x0000000084700000| Untracked 
|  18|0x0000000084800000, 0x0000000084800000, 0x0000000084900000|  0%| F|  |TAMS 0x0000000084800000, 0x0000000084800000| Untracked 
|  19|0x0000000084900000, 0x0000000084900000, 0x0000000084a00000|  0%| F|  |TAMS 0x0000000084900000, 0x0000000084900000| Untracked 
|  20|0x0000000084a00000, 0x0000000084a00000, 0x0000000084b00000|  0%| F|  |TAMS 0x0000000084a00000, 0x0000000084a00000| Untracked 
|  21|0x0000000084b00000, 0x0000000084b00000, 0x0000000084c00000|  0%| F|  |TAMS 0x0000000084b00000, 0x0000000084b00000| Untracked 
|  22|0x0000000084c00000, 0x0000000084c00000, 0x0000000084d00000|  0%| F|  |TAMS 0x0000000084c00000, 0x0000000084c00000| Untracked 
|  23|0x0000000084d00000, 0x0000000084d00000, 0x0000000084e00000|  0%| F|  |TAMS 0x0000000084d00000, 0x0000000084d00000| Untracked 
|  24|0x0000000084e00000, 0x0000000084e00000, 0x0000000084f00000|  0%| F|  |TAMS 0x0000000084e00000, 0x0000000084e00000| Untracked 
|  25|0x0000000084f00000, 0x0000000084f00000, 0x0000000085000000|  0%| F|  |TAMS 0x0000000084f00000, 0x0000000084f00000| Untracked 
|  26|0x0000000085000000, 0x0000000085000000, 0x0000000085100000|  0%| F|  |TAMS 0x0000000085000000, 0x0000000085000000| Untracked 
|  27|0x0000000085100000, 0x0000000085100000, 0x0000000085200000|  0%| F|  |TAMS 0x0000000085100000, 0x0000000085100000| Untracked 
|  28|0x0000000085200000, 0x0000000085200000, 0x0000000085300000|  0%| F|  |TAMS 0x0000000085200000, 0x0000000085200000| Untracked 
|  29|0x0000000085300000, 0x0000000085300000, 0x0000000085400000|  0%| F|  |TAMS 0x0000000085300000, 0x0000000085300000| Untracked 
|  30|0x0000000085400000, 0x0000000085400000, 0x0000000085500000|  0%| F|  |TAMS 0x0000000085400000, 0x0000000085400000| Untracked 
|  31|0x0000000085500000, 0x0000000085500000, 0x0000000085600000|  0%| F|  |TAMS 0x0000000085500000, 0x0000000085500000| Untracked 
|  32|0x0000000085600000, 0x0000000085600000, 0x0000000085700000|  0%| F|  |TAMS 0x0000000085600000, 0x0000000085600000| Untracked 
|  33|0x0000000085700000, 0x0000000085700000, 0x0000000085800000|  0%| F|  |TAMS 0x0000000085700000, 0x0000000085700000| Untracked 
|  34|0x0000000085800000, 0x0000000085800000, 0x0000000085900000|  0%| F|  |TAMS 0x0000000085800000, 0x0000000085800000| Untracked 
|  35|0x0000000085900000, 0x0000000085900000, 0x0000000085a00000|  0%| F|  |TAMS 0x0000000085900000, 0x0000000085900000| Untracked 
|  36|0x0000000085a00000, 0x0000000085a00000, 0x0000000085b00000|  0%| F|  |TAMS 0x0000000085a00000, 0x0000000085a00000| Untracked 
|  37|0x0000000085b00000, 0x0000000085b00000, 0x0000000085c00000|  0%| F|  |TAMS 0x0000000085b00000, 0x0000000085b00000| Untracked 
|  38|0x0000000085c00000, 0x0000000085c00000, 0x0000000085d00000|  0%| F|  |TAMS 0x0000000085c00000, 0x0000000085c00000| Untracked 
|  39|0x0000000085d00000, 0x0000000085d00000, 0x0000000085e00000|  0%| F|  |TAMS 0x0000000085d00000, 0x0000000085d00000| Untracked 
|  40|0x0000000085e00000, 0x0000000085e00000, 0x0000000085f00000|  0%| F|  |TAMS 0x0000000085e00000, 0x0000000085e00000| Untracked 
|  41|0x0000000085f00000, 0x0000000085f00000, 0x0000000086000000|  0%| F|  |TAMS 0x0000000085f00000, 0x0000000085f00000| Untracked 
|  42|0x0000000086000000, 0x0000000086000000, 0x0000000086100000|  0%| F|  |TAMS 0x0000000086000000, 0x0000000086000000| Untracked 
|  43|0x0000000086100000, 0x0000000086100000, 0x0000000086200000|  0%| F|  |TAMS 0x0000000086100000, 0x0000000086100000| Untracked 
|  44|0x0000000086200000, 0x0000000086200000, 0x0000000086300000|  0%| F|  |TAMS 0x0000000086200000, 0x0000000086200000| Untracked 
|  45|0x0000000086300000, 0x0000000086300000, 0x0000000086400000|  0%| F|  |TAMS 0x0000000086300000, 0x0000000086300000| Untracked 
|  46|0x0000000086400000, 0x0000000086400000, 0x0000000086500000|  0%| F|  |TAMS 0x0000000086400000, 0x0000000086400000| Untracked 
|  47|0x0000000086500000, 0x0000000086500000, 0x0000000086600000|  0%| F|  |TAMS 0x0000000086500000, 0x0000000086500000| Untracked 
|  48|0x0000000086600000, 0x0000000086600000, 0x0000000086700000|  0%| F|  |TAMS 0x0000000086600000, 0x0000000086600000| Untracked 
|  49|0x0000000086700000, 0x0000000086700000, 0x0000000086800000|  0%| F|  |TAMS 0x0000000086700000, 0x0000000086700000| Untracked 
|  50|0x0000000086800000, 0x0000000086800000, 0x0000000086900000|  0%| F|  |TAMS 0x0000000086800000, 0x0000000086800000| Untracked 
|  51|0x0000000086900000, 0x0000000086900000, 0x0000000086a00000|  0%| F|  |TAMS 0x0000000086900000, 0x0000000086900000| Untracked 
|  52|0x0000000086a00000, 0x0000000086a00000, 0x0000000086b00000|  0%| F|  |TAMS 0x0000000086a00000, 0x0000000086a00000| Untracked 
|  53|0x0000000086b00000, 0x0000000086b00000, 0x0000000086c00000|  0%| F|  |TAMS 0x0000000086b00000, 0x0000000086b00000| Untracked 
|  54|0x0000000086c00000, 0x0000000086c00000, 0x0000000086d00000|  0%| F|  |TAMS 0x0000000086c00000, 0x0000000086c00000| Untracked 
|  55|0x0000000086d00000, 0x0000000086d00000, 0x0000000086e00000|  0%| F|  |TAMS 0x0000000086d00000, 0x0000000086d00000| Untracked 
|  56|0x0000000086e00000, 0x0000000086e00000, 0x0000000086f00000|  0%| F|  |TAMS 0x0000000086e00000, 0x0000000086e00000| Untracked 
|  57|0x0000000086f00000, 0x0000000086f00000, 0x0000000087000000|  0%| F|  |TAMS 0x0000000086f00000, 0x0000000086f00000| Untracked 
|  58|0x0000000087000000, 0x0000000087000000, 0x0000000087100000|  0%| F|  |TAMS 0x0000000087000000, 0x0000000087000000| Untracked 
|  59|0x0000000087100000, 0x0000000087100000, 0x0000000087200000|  0%| F|  |TAMS 0x0000000087100000, 0x0000000087100000| Untracked 
|  60|0x0000000087200000, 0x0000000087200000, 0x0000000087300000|  0%| F|  |TAMS 0x0000000087200000, 0x0000000087200000| Untracked 
|  61|0x0000000087300000, 0x0000000087300000, 0x0000000087400000|  0%| F|  |TAMS 0x0000000087300000, 0x0000000087300000| Untracked 
|  62|0x0000000087400000, 0x0000000087400000, 0x0000000087500000|  0%| F|  |TAMS 0x0000000087400000, 0x0000000087400000| Untracked 
|  63|0x0000000087500000, 0x0000000087500000, 0x0000000087600000|  0%| F|  |TAMS 0x0000000087500000, 0x0000000087500000| Untracked 
|  64|0x0000000087600000, 0x0000000087600000, 0x0000000087700000|  0%| F|  |TAMS 0x0000000087600000, 0x0000000087600000| Untracked 
|  65|0x0000000087700000, 0x0000000087700000, 0x0000000087800000|  0%| F|  |TAMS 0x0000000087700000, 0x0000000087700000| Untracked 
|  66|0x0000000087800000, 0x0000000087800000, 0x0000000087900000|  0%| F|  |TAMS 0x0000000087800000, 0x0000000087800000| Untracked 
|  67|0x0000000087900000, 0x0000000087900000, 0x0000000087a00000|  0%| F|  |TAMS 0x0000000087900000, 0x0000000087900000| Untracked 
|  68|0x0000000087a00000, 0x0000000087a00000, 0x0000000087b00000|  0%| F|  |TAMS 0x0000000087a00000, 0x0000000087a00000| Untracked 
|  69|0x0000000087b00000, 0x0000000087b00000, 0x0000000087c00000|  0%| F|  |TAMS 0x0000000087b00000, 0x0000000087b00000| Untracked 
|  70|0x0000000087c00000, 0x0000000087c00000, 0x0000000087d00000|  0%| F|  |TAMS 0x0000000087c00000, 0x0000000087c00000| Untracked 
|  71|0x0000000087d00000, 0x0000000087d00000, 0x0000000087e00000|  0%| F|  |TAMS 0x0000000087d00000, 0x0000000087d00000| Untracked 
|  72|0x0000000087e00000, 0x0000000087e00000, 0x0000000087f00000|  0%| F|  |TAMS 0x0000000087e00000, 0x0000000087e00000| Untracked 
|  73|0x0000000087f00000, 0x0000000087f00000, 0x0000000088000000|  0%| F|  |TAMS 0x0000000087f00000, 0x0000000087f00000| Untracked 
|  74|0x0000000088000000, 0x0000000088000000, 0x0000000088100000|  0%| F|  |TAMS 0x0000000088000000, 0x0000000088000000| Untracked 
|  75|0x0000000088100000, 0x0000000088100000, 0x0000000088200000|  0%| F|  |TAMS 0x0000000088100000, 0x0000000088100000| Untracked 
|  76|0x0000000088200000, 0x0000000088200000, 0x0000000088300000|  0%| F|  |TAMS 0x0000000088200000, 0x0000000088200000| Untracked 
|  77|0x0000000088300000, 0x0000000088300000, 0x0000000088400000|  0%| F|  |TAMS 0x0000000088300000, 0x0000000088300000| Untracked 
|  78|0x0000000088400000, 0x0000000088400000, 0x0000000088500000|  0%| F|  |TAMS 0x0000000088400000, 0x0000000088400000| Untracked 
|  79|0x0000000088500000, 0x0000000088500000, 0x0000000088600000|  0%| F|  |TAMS 0x0000000088500000, 0x0000000088500000| Untracked 
|  80|0x0000000088600000, 0x0000000088600000, 0x0000000088700000|  0%| F|  |TAMS 0x0000000088600000, 0x0000000088600000| Untracked 
|  81|0x0000000088700000, 0x0000000088700000, 0x0000000088800000|  0%| F|  |TAMS 0x0000000088700000, 0x0000000088700000| Untracked 
|  82|0x0000000088800000, 0x0000000088800000, 0x0000000088900000|  0%| F|  |TAMS 0x0000000088800000, 0x0000000088800000| Untracked 
|  83|0x0000000088900000, 0x0000000088900000, 0x0000000088a00000|  0%| F|  |TAMS 0x0000000088900000, 0x0000000088900000| Untracked 
|  84|0x0000000088a00000, 0x0000000088a00000, 0x0000000088b00000|  0%| F|  |TAMS 0x0000000088a00000, 0x0000000088a00000| Untracked 
|  85|0x0000000088b00000, 0x0000000088b00000, 0x0000000088c00000|  0%| F|  |TAMS 0x0000000088b00000, 0x0000000088b00000| Untracked 
|  86|0x0000000088c00000, 0x0000000088c00000, 0x0000000088d00000|  0%| F|  |TAMS 0x0000000088c00000, 0x0000000088c00000| Untracked 
|  87|0x0000000088d00000, 0x0000000088d00000, 0x0000000088e00000|  0%| F|  |TAMS 0x0000000088d00000, 0x0000000088d00000| Untracked 
|  88|0x0000000088e00000, 0x0000000088e00000, 0x0000000088f00000|  0%| F|  |TAMS 0x0000000088e00000, 0x0000000088e00000| Untracked 
|  89|0x0000000088f00000, 0x0000000088f00000, 0x0000000089000000|  0%| F|  |TAMS 0x0000000088f00000, 0x0000000088f00000| Untracked 
|  90|0x0000000089000000, 0x0000000089000000, 0x0000000089100000|  0%| F|  |TAMS 0x0000000089000000, 0x0000000089000000| Untracked 
|  91|0x0000000089100000, 0x0000000089100000, 0x0000000089200000|  0%| F|  |TAMS 0x0000000089100000, 0x0000000089100000| Untracked 
|  92|0x0000000089200000, 0x0000000089200000, 0x0000000089300000|  0%| F|  |TAMS 0x0000000089200000, 0x0000000089200000| Untracked 
|  93|0x0000000089300000, 0x0000000089300000, 0x0000000089400000|  0%| F|  |TAMS 0x0000000089300000, 0x0000000089300000| Untracked 
|  94|0x0000000089400000, 0x0000000089400000, 0x0000000089500000|  0%| F|  |TAMS 0x0000000089400000, 0x0000000089400000| Untracked 
|  95|0x0000000089500000, 0x0000000089500000, 0x0000000089600000|  0%| F|  |TAMS 0x0000000089500000, 0x0000000089500000| Untracked 
|  96|0x0000000089600000, 0x0000000089600000, 0x0000000089700000|  0%| F|  |TAMS 0x0000000089600000, 0x0000000089600000| Untracked 
|  97|0x0000000089700000, 0x0000000089700000, 0x0000000089800000|  0%| F|  |TAMS 0x0000000089700000, 0x0000000089700000| Untracked 
|  98|0x0000000089800000, 0x0000000089800000, 0x0000000089900000|  0%| F|  |TAMS 0x0000000089800000, 0x0000000089800000| Untracked 
|  99|0x0000000089900000, 0x0000000089900000, 0x0000000089a00000|  0%| F|  |TAMS 0x0000000089900000, 0x0000000089900000| Untracked 
| 100|0x0000000089a00000, 0x0000000089ab5040, 0x0000000089b00000| 70%| S|CS|TAMS 0x0000000089a00000, 0x0000000089a00000| Complete 
| 101|0x0000000089b00000, 0x0000000089c00000, 0x0000000089c00000|100%| S|CS|TAMS 0x0000000089b00000, 0x0000000089b00000| Complete 
| 102|0x0000000089c00000, 0x0000000089d00000, 0x0000000089d00000|100%| S|CS|TAMS 0x0000000089c00000, 0x0000000089c00000| Complete 
| 103|0x0000000089d00000, 0x0000000089d00000, 0x0000000089e00000|  0%| F|  |TAMS 0x0000000089d00000, 0x0000000089d00000| Untracked 
| 104|0x0000000089e00000, 0x0000000089e00000, 0x0000000089f00000|  0%| F|  |TAMS 0x0000000089e00000, 0x0000000089e00000| Untracked 
| 105|0x0000000089f00000, 0x0000000089f00000, 0x000000008a000000|  0%| F|  |TAMS 0x0000000089f00000, 0x0000000089f00000| Untracked 
| 106|0x000000008a000000, 0x000000008a000000, 0x000000008a100000|  0%| F|  |TAMS 0x000000008a000000, 0x000000008a000000| Untracked 
| 107|0x000000008a100000, 0x000000008a100000, 0x000000008a200000|  0%| F|  |TAMS 0x000000008a100000, 0x000000008a100000| Untracked 
| 108|0x000000008a200000, 0x000000008a200000, 0x000000008a300000|  0%| F|  |TAMS 0x000000008a200000, 0x000000008a200000| Untracked 
| 109|0x000000008a300000, 0x000000008a300000, 0x000000008a400000|  0%| F|  |TAMS 0x000000008a300000, 0x000000008a300000| Untracked 
| 110|0x000000008a400000, 0x000000008a400000, 0x000000008a500000|  0%| F|  |TAMS 0x000000008a400000, 0x000000008a400000| Untracked 
| 111|0x000000008a500000, 0x000000008a500000, 0x000000008a600000|  0%| F|  |TAMS 0x000000008a500000, 0x000000008a500000| Untracked 
| 112|0x000000008a600000, 0x000000008a600000, 0x000000008a700000|  0%| F|  |TAMS 0x000000008a600000, 0x000000008a600000| Untracked 
| 113|0x000000008a700000, 0x000000008a700000, 0x000000008a800000|  0%| F|  |TAMS 0x000000008a700000, 0x000000008a700000| Untracked 
| 114|0x000000008a800000, 0x000000008a800000, 0x000000008a900000|  0%| F|  |TAMS 0x000000008a800000, 0x000000008a800000| Untracked 
| 115|0x000000008a900000, 0x000000008a900000, 0x000000008aa00000|  0%| F|  |TAMS 0x000000008a900000, 0x000000008a900000| Untracked 
| 116|0x000000008aa00000, 0x000000008ab00000, 0x000000008ab00000|100%| E|  |TAMS 0x000000008aa00000, 0x000000008aa00000| Complete 
| 117|0x000000008ab00000, 0x000000008ac00000, 0x000000008ac00000|100%| E|CS|TAMS 0x000000008ab00000, 0x000000008ab00000| Complete 
| 118|0x000000008ac00000, 0x000000008ad00000, 0x000000008ad00000|100%| E|CS|TAMS 0x000000008ac00000, 0x000000008ac00000| Complete 
| 119|0x000000008ad00000, 0x000000008ae00000, 0x000000008ae00000|100%| E|CS|TAMS 0x000000008ad00000, 0x000000008ad00000| Complete 
| 120|0x000000008ae00000, 0x000000008af00000, 0x000000008af00000|100%| E|CS|TAMS 0x000000008ae00000, 0x000000008ae00000| Complete 
| 121|0x000000008af00000, 0x000000008b000000, 0x000000008b000000|100%| E|CS|TAMS 0x000000008af00000, 0x000000008af00000| Complete 
| 122|0x000000008b000000, 0x000000008b100000, 0x000000008b100000|100%| E|CS|TAMS 0x000000008b000000, 0x000000008b000000| Complete 
| 123|0x000000008b100000, 0x000000008b200000, 0x000000008b200000|100%| E|CS|TAMS 0x000000008b100000, 0x000000008b100000| Complete 
| 124|0x000000008b200000, 0x000000008b300000, 0x000000008b300000|100%| E|CS|TAMS 0x000000008b200000, 0x000000008b200000| Complete 
| 125|0x000000008b300000, 0x000000008b400000, 0x000000008b400000|100%| E|CS|TAMS 0x000000008b300000, 0x000000008b300000| Complete 

Card table byte_map: [0x00000210e69c0000,0x00000210e6db0000] _byte_map_base: 0x00000210e65a5000

Marking Bits (Prev, Next): (CMBitMap*) 0x00000210cf0b38f0, (CMBitMap*) 0x00000210cf0b3930
 Prev Bits: [0x00000210e71a0000, 0x00000210e90c8000)
 Next Bits: [0x00000210e90d0000, 0x00000210eaff8000)

Polling page: 0x00000210ccf30000

Metaspace:

Usage:
  Non-class:     12.53 MB capacity,    12.40 MB ( 99%) used,   121.73 KB ( <1%) free+waste,    20.13 KB ( <1%) overhead. 
      Class:      1.63 MB capacity,     1.52 MB ( 93%) used,   102.95 KB (  6%) free+waste,     7.94 KB ( <1%) overhead. 
       Both:     14.16 MB capacity,    13.92 MB ( 98%) used,   224.67 KB (  2%) free+waste,    28.06 KB ( <1%) overhead. 

Virtual space:
  Non-class space:       14.00 MB reserved,      12.75 MB ( 91%) committed 
      Class space:        1.00 GB reserved,       1.75 MB ( <1%) committed 
             Both:        1.01 GB reserved,      14.50 MB (  1%) committed 

Chunk freelists:
   Non-Class:  29.00 KB
       Class:  27.00 KB
        Both:  56.00 KB

MaxMetaspaceSize: 17179869184.00 GB
CompressedClassSpaceSize: 1.00 GB

CodeHeap 'non-profiled nmethods': size=120000Kb used=503Kb max_used=503Kb free=119496Kb
 bounds [0x00000210ded70000, 0x00000210defe0000, 0x00000210e62a0000]
CodeHeap 'profiled nmethods': size=120000Kb used=2695Kb max_used=2695Kb free=117304Kb
 bounds [0x00000210d7840000, 0x00000210d7af0000, 0x00000210ded70000]
CodeHeap 'non-nmethods': size=5760Kb used=1404Kb max_used=1421Kb free=4355Kb
 bounds [0x00000210d72a0000, 0x00000210d7510000, 0x00000210d7840000]
 total_blobs=2269 nmethods=1652 adapters=530
 compilation: enabled
              stopped_count=0, restarted_count=0
 full_count=0

Compilation events (20 events):
Event: 33.325 Thread 0x00000210eda695f0 nmethod 1644 0x00000210d7ae0190 code [0x00000210d7ae0320, 0x00000210d7ae0418]
Event: 33.325 Thread 0x00000210eda695f0 1645       3       java.awt.geom.Rectangle2D$Float::getY (6 bytes)
Event: 33.325 Thread 0x00000210eda695f0 nmethod 1645 0x00000210d7ae0490 code [0x00000210d7ae0620, 0x00000210d7ae0718]
Event: 33.325 Thread 0x00000210eda695f0 1646       1       sun.font.FontDesignMetrics$MetricsKey::hashCode (5 bytes)
Event: 33.325 Thread 0x00000210eda695f0 nmethod 1646 0x00000210deded510 code [0x00000210deded6a0, 0x00000210deded758]
Event: 33.325 Thread 0x00000210eda695f0 1647       1       sun.font.SunFontManager::usingAlternateCompositeFonts (5 bytes)
Event: 33.325 Thread 0x00000210eda695f0 nmethod 1647 0x00000210deded810 code [0x00000210deded9a0, 0x00000210dededa58]
Event: 33.325 Thread 0x00000210eda695f0 1648       1       javax.swing.text.View::getParent (5 bytes)
Event: 33.326 Thread 0x00000210eda695f0 nmethod 1648 0x00000210dededb10 code [0x00000210dededca0, 0x00000210dededd58]
Event: 33.326 Thread 0x00000210eda695f0 1649       3       java.awt.Component::getGraphicsConfiguration (5 bytes)
Event: 33.326 Thread 0x00000210eda695f0 nmethod 1649 0x00000210d7ae0790 code [0x00000210d7ae0920, 0x00000210d7ae0a38]
Event: 33.327 Thread 0x00000210eda695f0 1650       3       sun.java2d.SurfaceData::markDirty (8 bytes)
Event: 33.327 Thread 0x00000210eda695f0 nmethod 1650 0x00000210d7ae0b10 code [0x00000210d7ae0ca0, 0x00000210d7ae0e38]
Event: 33.678 Thread 0x00000210eda695f0 1651       3       java.util.concurrent.TimeUnit::toNanos (45 bytes)
Event: 33.678 Thread 0x00000210eda695f0 nmethod 1651 0x00000210d7ae0f10 code [0x00000210d7ae10a0, 0x00000210d7ae12b8]
Event: 33.678 Thread 0x00000210eda695f0 1652       3       java.awt.Component::isDisplayable (13 bytes)
Event: 33.679 Thread 0x00000210eda695f0 nmethod 1652 0x00000210d7ae1390 code [0x00000210d7ae1520, 0x00000210d7ae1678]
Event: 33.679 Thread 0x00000210eda695f0 1653       3       javax.swing.RepaintManager::currentManager (37 bytes)
Event: 33.679 Thread 0x00000210eda695f0 nmethod 1653 0x00000210d7ae1710 code [0x00000210d7ae18e0, 0x00000210d7ae1c48]
Event: 33.679 Thread 0x00000210eda695f0 1654       3       javax.swing.UIDefaults$TextAndMnemonicHashMap::get (358 bytes)

GC Heap History (2 events):
Event: 0.752 GC heap before
{Heap before GC invocations=0 (full 0):
 garbage-first heap   total 129024K, used 22528K [0x0000000083600000, 0x0000000100000000)
  region size 1024K, 23 young (23552K), 0 survivors (0K)
 Metaspace       used 9502K, capacity 9679K, committed 9856K, reserved 1058816K
  class space    used 962K, capacity 1046K, committed 1152K, reserved 1048576K
}
Event: 0.755 GC heap after
{Heap after GC invocations=1 (full 0):
 garbage-first heap   total 129024K, used 2772K [0x0000000083600000, 0x0000000100000000)
  region size 1024K, 3 young (3072K), 3 survivors (3072K)
 Metaspace       used 9502K, capacity 9679K, committed 9856K, reserved 1058816K
  class space    used 962K, capacity 1046K, committed 1152K, reserved 1048576K
}

Deoptimization events (20 events):
Event: 29.454 Thread 0x00000210eeb3eb10 Uncommon trap: trap_request=0xffffffde fr.pc=0x00000210dedafa04 relative=0x0000000000000d84
Event: 29.454 Thread 0x00000210eeb3eb10 Uncommon trap: reason=class_check action=maybe_recompile pc=0x00000210dedafa04 method=java.util.HashMap.putVal(ILjava/lang/Object;Ljava/lang/Object;ZZ)Ljava/lang/Object; @ 91 c2
Event: 29.454 Thread 0x00000210eeb3eb10 DEOPT PACKING pc=0x00000210dedafa04 sp=0x000000b35d5fdd70
Event: 29.454 Thread 0x00000210eeb3eb10 DEOPT UNPACKING pc=0x00000210d72ee42f sp=0x000000b35d5fdcc0 mode 2
Event: 29.485 Thread 0x00000210cf073130 Uncommon trap: trap_request=0xffffff45 fr.pc=0x00000210dedceab4 relative=0x0000000000000414
Event: 29.485 Thread 0x00000210cf073130 Uncommon trap: reason=unstable_if action=reinterpret pc=0x00000210dedceab4 method=java.lang.StringUTF16.compress([CII)[B @ 13 c2
Event: 29.485 Thread 0x00000210cf073130 DEOPT PACKING pc=0x00000210dedceab4 sp=0x000000b35befd490
Event: 29.485 Thread 0x00000210cf073130 DEOPT UNPACKING pc=0x00000210d72ee42f sp=0x000000b35befd3e0 mode 2
Event: 29.535 Thread 0x00000210cf073130 Uncommon trap: trap_request=0xffffff45 fr.pc=0x00000210dedc43b4 relative=0x00000000000009f4
Event: 29.535 Thread 0x00000210cf073130 Uncommon trap: reason=unstable_if action=reinterpret pc=0x00000210dedc43b4 method=java.lang.StringUTF16.compress([CII)[B @ 13 c2
Event: 29.535 Thread 0x00000210cf073130 DEOPT PACKING pc=0x00000210dedc43b4 sp=0x000000b35befcee0
Event: 29.535 Thread 0x00000210cf073130 DEOPT UNPACKING pc=0x00000210d72ee42f sp=0x000000b35befcd40 mode 2
Event: 29.535 Thread 0x00000210cf073130 Uncommon trap: trap_request=0xffffff45 fr.pc=0x00000210ded79574 relative=0x0000000000000254
Event: 29.535 Thread 0x00000210cf073130 Uncommon trap: reason=unstable_if action=reinterpret pc=0x00000210ded79574 method=java.lang.String.isLatin1()Z @ 10 c2
Event: 29.535 Thread 0x00000210cf073130 DEOPT PACKING pc=0x00000210ded79574 sp=0x000000b35befcf80
Event: 29.536 Thread 0x00000210cf073130 DEOPT UNPACKING pc=0x00000210d72ee42f sp=0x000000b35befceb0 mode 2
Event: 29.536 Thread 0x00000210cf073130 Uncommon trap: trap_request=0xffffff45 fr.pc=0x00000210dedcf058 relative=0x0000000000000238
Event: 29.536 Thread 0x00000210cf073130 Uncommon trap: reason=unstable_if action=reinterpret pc=0x00000210dedcf058 method=java.lang.StringUTF16.compress([CII)[B @ 13 c2
Event: 29.536 Thread 0x00000210cf073130 DEOPT PACKING pc=0x00000210dedcf058 sp=0x000000b35befcd70
Event: 29.536 Thread 0x00000210cf073130 DEOPT UNPACKING pc=0x00000210d72ee42f sp=0x000000b35befcd08 mode 2

Classes unloaded (0 events):
No events

Classes redefined (0 events):
No events

Internal exceptions (20 events):
Event: 15.206 Thread 0x00000210cf073130 Exception <a 'java/io/IOException'{0x000000008af73730}> (0x000000008af73730) 
thrown [./open/src/hotspot/share/prims/jni.cpp, line 578]
Event: 15.608 Thread 0x00000210cf073130 Exception <a 'java/io/IOException'{0x000000008af78968}> (0x000000008af78968) 
thrown [./open/src/hotspot/share/prims/jni.cpp, line 578]
Event: 16.410 Thread 0x00000210cf073130 Exception <a 'java/net/SocketException'{0x000000008af7c858}: Socket is not connected: shutdown> (0x000000008af7c858) 
thrown [./open/src/hotspot/share/prims/jni.cpp, line 599]
Event: 16.410 Thread 0x00000210cf073130 Exception <a 'java/io/IOException'{0x000000008af7dec0}> (0x000000008af7dec0) 
thrown [./open/src/hotspot/share/prims/jni.cpp, line 578]
Event: 17.413 Thread 0x00000210cf073130 Exception <a 'java/net/SocketException'{0x000000008af820b0}: Socket is not connected: shutdown> (0x000000008af820b0) 
thrown [./open/src/hotspot/share/prims/jni.cpp, line 599]
Event: 17.414 Thread 0x00000210cf073130 Exception <a 'java/io/IOException'{0x000000008af83700}> (0x000000008af83700) 
thrown [./open/src/hotspot/share/prims/jni.cpp, line 578]
Event: 18.417 Thread 0x00000210cf073130 Exception <a 'java/io/IOException'{0x000000008af88938}> (0x000000008af88938) 
thrown [./open/src/hotspot/share/prims/jni.cpp, line 578]
Event: 19.421 Thread 0x00000210cf073130 Exception <a 'java/io/IOException'{0x000000008af8db70}> (0x000000008af8db70) 
thrown [./open/src/hotspot/share/prims/jni.cpp, line 578]
Event: 20.424 Thread 0x00000210cf073130 Exception <a 'java/io/IOException'{0x000000008af92da8}> (0x000000008af92da8) 
thrown [./open/src/hotspot/share/prims/jni.cpp, line 578]
Event: 21.428 Thread 0x00000210cf073130 Exception <a 'java/io/IOException'{0x000000008af97fe0}> (0x000000008af97fe0) 
thrown [./open/src/hotspot/share/prims/jni.cpp, line 578]
Event: 22.430 Thread 0x00000210cf073130 Exception <a 'java/io/IOException'{0x000000008af9d500}> (0x000000008af9d500) 
thrown [./open/src/hotspot/share/prims/jni.cpp, line 578]
Event: 23.433 Thread 0x00000210cf073130 Exception <a 'java/io/IOException'{0x000000008afa2738}> (0x000000008afa2738) 
thrown [./open/src/hotspot/share/prims/jni.cpp, line 578]
Event: 24.436 Thread 0x00000210cf073130 Exception <a 'java/io/IOException'{0x000000008afa7970}> (0x000000008afa7970) 
thrown [./open/src/hotspot/share/prims/jni.cpp, line 578]
Event: 25.440 Thread 0x00000210cf073130 Exception <a 'java/io/IOException'{0x000000008afacba8}> (0x000000008afacba8) 
thrown [./open/src/hotspot/share/prims/jni.cpp, line 578]
Event: 26.442 Thread 0x00000210cf073130 Exception <a 'java/io/IOException'{0x000000008afb1de0}> (0x000000008afb1de0) 
thrown [./open/src/hotspot/share/prims/jni.cpp, line 578]
Event: 27.446 Thread 0x00000210cf073130 Exception <a 'java/io/IOException'{0x000000008afb7548}> (0x000000008afb7548) 
thrown [./open/src/hotspot/share/prims/jni.cpp, line 578]
Event: 28.448 Thread 0x00000210cf073130 Exception <a 'java/io/IOException'{0x000000008afbc780}> (0x000000008afbc780) 
thrown [./open/src/hotspot/share/prims/jni.cpp, line 578]
Event: 29.451 Thread 0x00000210cf073130 Exception <a 'java/io/IOException'{0x000000008afc19b8}> (0x000000008afc19b8) 
thrown [./open/src/hotspot/share/prims/jni.cpp, line 578]
Event: 29.474 Thread 0x00000210cf073130 Exception <a 'java/lang/NoSuchMethodError'{0x000000008aebe2c8}: 'void java.lang.invoke.DirectMethodHandle$Holder.invokeStaticInit(java.lang.Object)'> (0x000000008aebe2c8) 
thrown [./open/src/hotspot/share/interpreter/linkResolver.cpp, line 782]
Event: 33.059 Thread 0x00000210ef103c30 Exception <a 'java/lang/NoSuchMethodError'{0x000000008aa4b860}: 'void java.lang.invoke.DirectMethodHandle$Holder.invokeVirtual(java.lang.Object, java.lang.Object)'> (0x000000008aa4b860) 
thrown [./open/src/hotspot/share/interpreter/linkResolver.cpp, line 782]

Events (20 events):
Event: 29.662 loading class javax/swing/TimerQueue done
Event: 29.662 loading class java/util/concurrent/DelayQueue
Event: 29.663 loading class java/util/concurrent/DelayQueue done
Event: 29.663 loading class java/util/PriorityQueue
Event: 29.663 loading class java/util/PriorityQueue done
Event: 29.663 Thread 0x00000210ef101f50 Thread added: 0x00000210ef101f50
Event: 29.663 loading class javax/swing/TimerQueue$DelayedTimer
Event: 29.663 loading class java/util/concurrent/Delayed
Event: 29.663 loading class java/util/concurrent/Delayed done
Event: 29.663 loading class javax/swing/TimerQueue$DelayedTimer done
Event: 30.165 loading class javax/swing/Timer$1
Event: 30.165 loading class javax/swing/Timer$1 done
Event: 30.536 Executing VM operation: HandshakeAllThreads
Event: 30.536 Executing VM operation: HandshakeAllThreads done
Event: 33.058 loading class java/util/WeakHashMap$KeyIterator
Event: 33.058 loading class java/util/WeakHashMap$HashIterator
Event: 33.058 loading class java/util/WeakHashMap$HashIterator done
Event: 33.058 loading class java/util/WeakHashMap$KeyIterator done
Event: 33.060 loading class javax/swing/RepaintManager$DisplayChangedRunnable
Event: 33.060 loading class javax/swing/RepaintManager$DisplayChangedRunnable done


Dynamic libraries:
0x00007ff64c850000 - 0x00007ff64c85f000 	C:\Program Files\Java\jdk-15.0.1\bin\javaw.exe
0x00007ffe30c00000 - 0x00007ffe30df0000 	C:\Windows\SYSTEM32\ntdll.dll
0x00007ffe2f620000 - 0x00007ffe2f6d2000 	C:\Windows\System32\KERNEL32.DLL
0x00007ffe2e600000 - 0x00007ffe2e8a5000 	C:\Windows\System32\KERNELBASE.dll
0x00007ffe2eb20000 - 0x00007ffe2ec1a000 	C:\Windows\System32\ucrtbase.dll
0x00007ffe26db0000 - 0x00007ffe26dc8000 	C:\Program Files\Java\jdk-15.0.1\bin\jli.dll
0x00007ffe24fd0000 - 0x00007ffe24fe9000 	C:\Program Files\Java\jdk-15.0.1\bin\VCRUNTIME140.dll
0x00007ffe2f490000 - 0x00007ffe2f533000 	C:\Windows\System32\ADVAPI32.dll
0x00007ffe2fd10000 - 0x00007ffe2fdae000 	C:\Windows\System32\msvcrt.dll
0x00007ffe2ee10000 - 0x00007ffe2eea7000 	C:\Windows\System32\sechost.dll
0x00007ffe2ef30000 - 0x00007ffe2f04f000 	C:\Windows\System32\RPCRT4.dll
0x00007ffe2f2f0000 - 0x00007ffe2f484000 	C:\Windows\System32\USER32.dll
0x00007ffe2e3b0000 - 0x00007ffe2e3d1000 	C:\Windows\System32\win32u.dll
0x00007ffe2f750000 - 0x00007ffe2f776000 	C:\Windows\System32\GDI32.dll
0x00007ffe2e8d0000 - 0x00007ffe2ea68000 	C:\Windows\System32\gdi32full.dll
0x00007ffe168e0000 - 0x00007ffe16b64000 	C:\Windows\WinSxS\amd64_microsoft.windows.common-controls_6595b64144ccf1df_6.0.18362.1316_none_9e7a364fe461dbd7\COMCTL32.dll
0x00007ffe2e530000 - 0x00007ffe2e5ce000 	C:\Windows\System32\msvcp_win.dll
0x00007ffe306d0000 - 0x00007ffe30a07000 	C:\Windows\System32\combase.dll
0x00007ffe2ec20000 - 0x00007ffe2eca1000 	C:\Windows\System32\bcryptPrimitives.dll
0x00007ffe22dd0000 - 0x00007ffe22dda000 	C:\Windows\SYSTEM32\VERSION.dll
0x00007ffe2fbf0000 - 0x00007ffe2fc1e000 	C:\Windows\System32\IMM32.DLL
0x00007ffe19270000 - 0x00007ffe1927c000 	C:\Program Files\Java\jdk-15.0.1\bin\vcruntime140_1.dll
0x00007ffe142c0000 - 0x00007ffe14351000 	C:\Program Files\Java\jdk-15.0.1\bin\msvcp140.dll
0x00007ffde2a40000 - 0x00007ffde359e000 	C:\Program Files\Java\jdk-15.0.1\bin\server\jvm.dll
0x00007ffe2f050000 - 0x00007ffe2f058000 	C:\Windows\System32\PSAPI.DLL
0x00007ffdfe740000 - 0x00007ffdfe749000 	C:\Windows\SYSTEM32\WSOCK32.dll
0x00007ffe2be30000 - 0x00007ffe2be54000 	C:\Windows\SYSTEM32\WINMM.dll
0x00007ffe2f0c0000 - 0x00007ffe2f12f000 	C:\Windows\System32\WS2_32.dll
0x00007ffe2be00000 - 0x00007ffe2be2d000 	C:\Windows\SYSTEM32\winmmbase.dll
0x00007ffe2e300000 - 0x00007ffe2e34a000 	C:\Windows\System32\cfgmgr32.dll
0x00007ffe2db10000 - 0x00007ffe2db21000 	C:\Windows\System32\kernel.appcore.dll
0x00007ffe16720000 - 0x00007ffe1672a000 	C:\Program Files\Java\jdk-15.0.1\bin\jimage.dll
0x00007ffe2c330000 - 0x00007ffe2c524000 	C:\Windows\SYSTEM32\DBGHELP.DLL
0x00007ffe2bdd0000 - 0x00007ffe2bdfa000 	C:\Windows\SYSTEM32\dbgcore.DLL
0x00007ffe16320000 - 0x00007ffe16359000 	C:\Program Files\Java\jdk-15.0.1\bin\jdwp.dll
0x00007ffe26e80000 - 0x00007ffe26e8e000 	C:\Program Files\Java\jdk-15.0.1\bin\instrument.dll
0x00007ffe14400000 - 0x00007ffe14425000 	C:\Program Files\Java\jdk-15.0.1\bin\java.dll
0x00007ffe2ff10000 - 0x00007ffe305f8000 	C:\Windows\System32\SHELL32.dll
0x00007ffe2ecb0000 - 0x00007ffe2ed57000 	C:\Windows\System32\shcore.dll
0x00007ffe2db80000 - 0x00007ffe2e2fb000 	C:\Windows\System32\windows.storage.dll
0x00007ffe2db50000 - 0x00007ffe2db73000 	C:\Windows\System32\profapi.dll
0x00007ffe2dac0000 - 0x00007ffe2db0a000 	C:\Windows\System32\powrprof.dll
0x00007ffe2dab0000 - 0x00007ffe2dac0000 	C:\Windows\System32\UMPDC.dll
0x00007ffe2eeb0000 - 0x00007ffe2ef02000 	C:\Windows\System32\shlwapi.dll
0x00007ffe2e8b0000 - 0x00007ffe2e8c7000 	C:\Windows\System32\cryptsp.dll
0x00007ffe26e70000 - 0x00007ffe26e7b000 	C:\Program Files\Java\jdk-15.0.1\bin\dt_socket.dll
0x00007ffe2d000000 - 0x00007ffe2d03a000 	C:\Windows\SYSTEM32\IPHLPAPI.DLL
0x00007ffe2d2f0000 - 0x00007ffe2d357000 	C:\Windows\system32\mswsock.dll
0x00007ffe2d040000 - 0x00007ffe2d10b000 	C:\Windows\SYSTEM32\DNSAPI.dll
0x00007ffe2f540000 - 0x00007ffe2f548000 	C:\Windows\System32\NSI.dll
0x00007ffe20820000 - 0x00007ffe2082a000 	C:\Windows\System32\rasadhlp.dll
0x00007ffe21530000 - 0x00007ffe215a7000 	C:\Windows\System32\fwpuclnt.dll
0x00007ffe2e5d0000 - 0x00007ffe2e5f6000 	C:\Windows\System32\bcrypt.dll
0x00007ffe14280000 - 0x00007ffe14298000 	C:\Program Files\Java\jdk-15.0.1\bin\zip.dll
0x00007ffe163c0000 - 0x00007ffe163d9000 	C:\Program Files\Java\jdk-15.0.1\bin\net.dll
0x00007ffe26460000 - 0x00007ffe26550000 	C:\Windows\SYSTEM32\WINHTTP.dll
0x00007ffe142a0000 - 0x00007ffe142b2000 	C:\Program Files\Java\jdk-15.0.1\bin\nio.dll
0x00007ffe16710000 - 0x00007ffe16720000 	C:\Program Files\Java\jdk-15.0.1\bin\verify.dll
0x00007ffe11390000 - 0x00007ffe11510000 	C:\Program Files\Java\jdk-15.0.1\bin\awt.dll
0x00007ffe2f550000 - 0x00007ffe2f615000 	C:\Windows\System32\OLEAUT32.dll
0x00007ffe282c0000 - 0x00007ffe2834f000 	C:\Windows\SYSTEM32\apphelp.dll
0x00007ffe2bae0000 - 0x00007ffe2bb0d000 	C:\Windows\system32\DWMAPI.DLL
0x00007ffe28400000 - 0x00007ffe28499000 	C:\Windows\system32\uxtheme.dll
0x00007ffe0a890000 - 0x00007ffe0a9e6000 	C:\Windows\system32\opengl32.dll
0x00007ffe0c4e0000 - 0x00007ffe0c50c000 	C:\Windows\SYSTEM32\GLU32.dll
0x00007ffe2c6f0000 - 0x00007ffe2c710000 	C:\Windows\SYSTEM32\dxcore.dll
0x00007ffe2f1b0000 - 0x00007ffe2f2e5000 	C:\Windows\System32\MSCTF.dll
0x00007ffe2fdb0000 - 0x00007ffe2ff07000 	C:\Windows\System32\ole32.dll
0x00007ffdd9920000 - 0x00007ffdd9936000 	C:\Windows\system32\napinsp.dll
0x00007ffdd4140000 - 0x00007ffdd415a000 	C:\Windows\system32\pnrpnsp.dll
0x00007ffdf47b0000 - 0x00007ffdf47be000 	C:\Windows\System32\winrnr.dll
0x00007ffe26ce0000 - 0x00007ffe26cfc000 	C:\Windows\system32\NLAapi.dll
0x00007ffe0be40000 - 0x00007ffe0be55000 	C:\Windows\system32\wshbth.dll
0x00007ffe2ce70000 - 0x00007ffe2cea3000 	C:\Windows\system32\rsaenh.dll
0x00007ffe2d9d0000 - 0x00007ffe2d9f5000 	C:\Windows\SYSTEM32\USERENV.dll
0x00007ffe2d4c0000 - 0x00007ffe2d4cc000 	C:\Windows\SYSTEM32\CRYPTBASE.dll
0x00007ffe22020000 - 0x00007ffe22036000 	C:\Windows\SYSTEM32\dhcpcsvc6.DLL
0x00007ffe21ff0000 - 0x00007ffe2200c000 	C:\Windows\SYSTEM32\dhcpcsvc.DLL
0x00007ffe11760000 - 0x00007ffe117e5000 	C:\Program Files\Java\jdk-15.0.1\bin\freetype.dll
0x00007ffe116b0000 - 0x00007ffe11759000 	C:\Program Files\Java\jdk-15.0.1\bin\fontmanager.dll
0x00007ffe2ed60000 - 0x00007ffe2ee02000 	C:\Windows\System32\clbcatq.dll
0x00007ffe251b0000 - 0x00007ffe2535f000 	C:\Windows\SYSTEM32\WindowsCodecs.dll
0x00007ffe0bda0000 - 0x00007ffe0bddb000 	C:\Windows\system32\dataexchange.dll
0x00007ffe27b50000 - 0x00007ffe27d2d000 	C:\Windows\system32\dcomp.dll
0x00007ffe27490000 - 0x00007ffe276eb000 	C:\Windows\system32\d3d11.dll
0x00007ffe2c780000 - 0x00007ffe2c86b000 	C:\Windows\system32\dxgi.dll
0x00007ffe2b790000 - 0x00007ffe2b9ea000 	C:\Windows\system32\twinapi.appcore.dll
0x00007ffe2bbf0000 - 0x00007ffe2bc19000 	C:\Windows\system32\RMCLIENT.dll

dbghelp: loaded successfully - version: 4.0.5 - missing functions: none
symbol engine: initialized successfully - sym options: 0x614 - pdb path: .;C:\Program Files\Java\jdk-15.0.1\bin;C:\Windows\SYSTEM32;C:\Windows\WinSxS\amd64_microsoft.windows.common-controls_6595b64144ccf1df_6.0.18362.1316_none_9e7a364fe461dbd7;C:\Program Files\Java\jdk-15.0.1\bin\server

VM Arguments:
jvm_args: -XX:+ShowCodeDetailsInExceptionMessages -agentlib:jdwp=transport=dt_socket,suspend=y,address=localhost:49704 -javaagent:C:\Users\DELL\eclipse\java-2020-09\eclipse\configuration\org.eclipse.osgi\215\0\.cp\lib\javaagent-shaded.jar -Dfile.encoding=UTF-8 
java_command: QuanLyDichVu1080.QuanLyDichVu1080
java_class_path (initial): E:\Documents\Programming\Java\ConnectToDB\bin;C:\Users\DELL\Downloads\sqljdbc_8.4\enu\mssql-jdbc-8.4.1.jre14.jar
Launcher Type: SUN_STANDARD

[Global flags]
     intx CICompilerCount                          = 4                                         {product} {ergonomic}
     uint ConcGCThreads                            = 2                                         {product} {ergonomic}
     uint G1ConcRefinementThreads                  = 8                                         {product} {ergonomic}
   size_t G1HeapRegionSize                         = 1048576                                   {product} {ergonomic}
    uintx GCDrainStackTargetSize                   = 64                                        {product} {ergonomic}
   size_t InitialHeapSize                          = 132120576                                 {product} {ergonomic}
   size_t MarkStackSize                            = 4194304                                   {product} {ergonomic}
   size_t MaxHeapSize                              = 2090860544                                {product} {ergonomic}
   size_t MaxNewSize                               = 1254096896                                {product} {ergonomic}
   size_t MinHeapDeltaBytes                        = 1048576                                   {product} {ergonomic}
   size_t MinHeapSize                              = 8388608                                   {product} {ergonomic}
    uintx NonNMethodCodeHeapSize                   = 5839372                                {pd product} {ergonomic}
    uintx NonProfiledCodeHeapSize                  = 122909434                              {pd product} {ergonomic}
    uintx ProfiledCodeHeapSize                     = 122909434                              {pd product} {ergonomic}
    uintx ReservedCodeCacheSize                    = 251658240                              {pd product} {ergonomic}
     bool SegmentedCodeCache                       = true                                      {product} {ergonomic}
     bool ShowCodeDetailsInExceptionMessages       = true                                   {manageable} {command line}
   size_t SoftMaxHeapSize                          = 2090860544                             {manageable} {ergonomic}
     bool UseCompressedClassPointers               = true                                 {lp64_product} {ergonomic}
     bool UseCompressedOops                        = true                                 {lp64_product} {ergonomic}
     bool UseG1GC                                  = true                                      {product} {ergonomic}
     bool UseLargePagesIndividualAllocation        = false                                  {pd product} {ergonomic}

Logging:
Log output configuration:
 #0: stdout all=warning uptime,level,tags
 #1: stderr all=off uptime,level,tags

Environment Variables:
JAVA_HOME=C:\Program Files\Java\jdk-15.0.1
PATH=C:\Program Files\Common Files\Oracle\Java\javapath;C:\Program Files\Microsoft MPI\Bin\;C:\Windows\system32;C:\Windows;C:\Windows\System32\Wbem;C:\Windows\System32\WindowsPowerShell\v1.0\;C:\Windows\System32\OpenSSH\;C:\Program Files\Intel\WiFi\bin\;C:\Program Files\Common Files\Intel\WirelessCommon\;C:\Program Files (x86)\NVIDIA Corporation\PhysX\Common;C:\Program Files\NVIDIA Corporation\NVIDIA NvDLISR;C:\Program Files\Java\jdk-15.0.1\bin;C:\Program Files\Microsoft SQL Server\Client SDK\ODBC\170\Tools\Binn\;C:\Program Files (x86)\Microsoft SQL Server\150\Tools\Binn\;C:\Program Files\Microsoft SQL Server\150\Tools\Binn\;C:\Program Files\Microsoft SQL Server\150\DTS\Binn\;C:\Program Files\Microsoft SQL Server\Client SDK\ODBC\130\Tools\Binn\;C:\Program Files (x86)\Microsoft SQL Server\140\Tools\Binn\;C:\Program Files\Microsoft SQL Server\140\Tools\Binn\;C:\Program Files\Microsoft SQL Server\140\DTS\Binn\;C:\Program Files (x86)\Microsoft SQL Server\140\DTS\Binn\;C:\Program Files (x86)\Microsoft SQL Server\Client SDK\ODBC\130\Tools\Binn\;C:\Program Files (x86)\Microsoft SQL Server\140\Tools\Binn\ManagementStudio\;C:\Program Files\MATLAB\R2014a\runtime\win64;C:\Program Files\MATLAB\R2014a\bin;C:\Program Files\MATLAB\R2014a\polyspace\bin;C:\Users\DELL\AppData\Local\Programs\Python\Python39\Scripts\;C:\Users\DELL\AppData\Local\Programs\Python\Python39\;C:\Users\DELL\AppData\Local\Microsoft\WindowsApps;C:\Program Files (x86)\Dev-Cpp\MinGW64\bin
USERNAME=DELL
OS=Windows_NT
PROCESSOR_IDENTIFIER=Intel64 Family 6 Model 158 Stepping 10, GenuineIntel



---------------  S Y S T E M  ---------------

OS:
 Windows 10 , 64 bit Build 18362 (10.0.18362.1316)
OS uptime: 0 days 17:49 hours

CPU: total 8 (initial active 8) (4 cores per cpu, 2 threads per core) family 6 model 158 stepping 10 microcode 0xde, cmov, cx8, fxsr, mmx, sse, sse2, sse3, ssse3, sse4.1, sse4.2, popcnt, vzeroupper, avx, avx2, aes, clmul, erms, 3dnowpref, lzcnt, ht, tsc, tscinvbit, bmi1, bmi2, adx, fma, clflush, clflushopt

Memory: 4k page, system-wide physical 7973M (372M free)
TotalPageFile size 21210M (AvailPageFile size 1M)
current process WorkingSet (physical memory assigned to process): 95M, peak: 95M
current process commit charge ("private bytes"): 235M, peak: 235M

vm_info: Java HotSpot(TM) 64-Bit Server VM (15.0.1+9-18) for windows-amd64 JRE (15.0.1+9-18), built on Sep 15 2020 14:43:54 by "mach5one" with unknown MS VC++:1925

END.
